{"uid":"16ef8084b178b4c8","name":"test_logout","fullName":"test.test_conduit.TestConduit#test_logout","historyId":"2d54cfc625c2b1ae70e58e076de50a5c","time":{"start":1654100165891,"stop":1654100167156,"duration":1265},"status":"failed","statusMessage":"AssertionError: assert 'Log out' in 'conduit\\nHome\\nSign in\\nSign up'\n +  where 'conduit\\nHome\\nSign in\\nSign up' = <selenium.webdriver.remote.webelement.WebElement (session=\"e37b6d0b9c28fb72e1c1d70fa1b247d0\", element=\"2f355aeb-3377-4fce-8f6c-a133bcfb126f\")>.text","statusTrace":"self = <test_conduit.TestConduit object at 0x7f2701d1b100>\n\n    def test_logout(self):\n        # find navbar\n        navbar = self.browser.find_element_by_xpath('//nav')\n        # assert there is no logout button (text) on navbar\n        assert 'Log out' not in navbar.text\n        # run login function\n        login(self)\n        # assert Logout button displayed\n>       assert 'Log out' in navbar.text\nE       assert 'Log out' in 'conduit\\nHome\\nSign in\\nSign up'\nE        +  where 'conduit\\nHome\\nSign in\\nSign up' = <selenium.webdriver.remote.webelement.WebElement (session=\"e37b6d0b9c28fb72e1c1d70fa1b247d0\", element=\"2f355aeb-3377-4fce-8f6c-a133bcfb126f\")>.text\n\ntest/test_conduit.py:354: AssertionError","flaky":false,"newFailed":false,"newBroken":false,"newPassed":false,"retriesCount":0,"retriesStatusChange":false,"beforeStages":[{"name":"_xunit_setup_method_fixture_TestConduit","time":{"start":1654100164279,"stop":1654100165890,"duration":1611},"status":"passed","steps":[],"attachments":[],"parameters":[],"stepsCount":0,"attachmentsCount":0,"shouldDisplayMessage":false,"hasContent":false}],"testStage":{"status":"failed","statusMessage":"AssertionError: assert 'Log out' in 'conduit\\nHome\\nSign in\\nSign up'\n +  where 'conduit\\nHome\\nSign in\\nSign up' = <selenium.webdriver.remote.webelement.WebElement (session=\"e37b6d0b9c28fb72e1c1d70fa1b247d0\", element=\"2f355aeb-3377-4fce-8f6c-a133bcfb126f\")>.text","statusTrace":"self = <test_conduit.TestConduit object at 0x7f2701d1b100>\n\n    def test_logout(self):\n        # find navbar\n        navbar = self.browser.find_element_by_xpath('//nav')\n        # assert there is no logout button (text) on navbar\n        assert 'Log out' not in navbar.text\n        # run login function\n        login(self)\n        # assert Logout button displayed\n>       assert 'Log out' in navbar.text\nE       assert 'Log out' in 'conduit\\nHome\\nSign in\\nSign up'\nE        +  where 'conduit\\nHome\\nSign in\\nSign up' = <selenium.webdriver.remote.webelement.WebElement (session=\"e37b6d0b9c28fb72e1c1d70fa1b247d0\", element=\"2f355aeb-3377-4fce-8f6c-a133bcfb126f\")>.text\n\ntest/test_conduit.py:354: AssertionError","steps":[],"attachments":[{"uid":"b538f88f9bab042e","name":"log","source":"b538f88f9bab042e.txt","type":"text/plain","size":338},{"uid":"6eea385f49c51b74","name":"stdout","source":"6eea385f49c51b74.txt","type":"text/plain","size":1},{"uid":"23295b9811e62fc0","name":"stderr","source":"23295b9811e62fc0.txt","type":"text/plain","size":267}],"parameters":[],"stepsCount":0,"attachmentsCount":3,"shouldDisplayMessage":true,"hasContent":true},"afterStages":[{"name":"_xunit_setup_method_fixture_TestConduit::0","time":{"start":1654100167164,"stop":1654100167219,"duration":55},"status":"passed","steps":[],"attachments":[],"parameters":[],"stepsCount":0,"attachmentsCount":0,"shouldDisplayMessage":false,"hasContent":false}],"labels":[{"name":"parentSuite","value":"test"},{"name":"suite","value":"test_conduit"},{"name":"subSuite","value":"TestConduit"},{"name":"host","value":"fv-az296-643"},{"name":"thread","value":"3210-MainThread"},{"name":"framework","value":"pytest"},{"name":"language","value":"cpython3"},{"name":"package","value":"test.test_conduit"},{"name":"resultFormat","value":"allure2"}],"parameters":[],"links":[],"hidden":false,"retry":false,"extra":{"severity":"normal","retries":[],"categories":[{"name":"Product defects","matchedStatuses":[],"flaky":false}],"tags":[]},"source":"16ef8084b178b4c8.json","parameterValues":[]}